<?xml version="1.0" encoding="utf-8"?><testsuites name="pytest tests"><testsuite name="pytest" errors="0" failures="0" skipped="0" tests="18" time="6.685" timestamp="2026-07-07T10:24:52.040070+00:00" hostname="agent-env-52138386-81da-4c6f-8422-7ea2c9a9b9cb"><testcase classname="tests.test_iteration7_changes.TestRegressionIter7" name="test_root" time="0.234" /><testcase classname="tests.test_iteration7_changes.TestCredits" name="test_total_subject_count" time="0.265" /><testcase classname="tests.test_iteration7_changes.TestRegressionIter7" name="test_stats" time="0.089" /><testcase classname="tests.test_iteration7_changes.TestCredits" name="test_sem1_credits_sum_equals_22" time="0.046" /><testcase classname="tests.test_iteration7_changes.TestCredits" name="test_sem2_credits_sum_equals_22_5" time="0.043" /><testcase classname="tests.test_iteration7_changes.TestRegressionIter7" name="test_logo_asset" time="0.062" /><testcase classname="tests.test_iteration7_changes.TestCredits" name="test_sem1_individual_credits" time="0.044" /><testcase classname="tests.test_iteration7_changes.TestRegressionIter7" name="test_dev_photo_asset" time="0.107" /><testcase classname="tests.test_iteration7_changes.TestCredits" name="test_sem2_individual_credits" time="0.043" /><testcase classname="tests.test_iteration7_changes.TestRealTimeTrending" name="test_shape_and_total" time="0.045" /><testcase classname="tests.test_iteration7_changes.TestRealTimeTrending" name="test_score_matches_formula_real_only" time="0.043" /><testcase classname="tests.test_iteration7_changes.TestRegressionIter7" name="test_files_endpoint" time="0.049" /><testcase classname="tests.test_iteration7_changes.TestRealTimeTrending" name="test_zero_activity_rows_sorted_last" time="0.042" /><testcase classname="tests.test_iteration7_changes.TestRealTimeTrending" name="test_no_hash_pattern_when_all_new_subject" time="0.043" /><testcase classname="tests.test_iteration7_changes.TestBookUpload" name="test_upload_book_file" time="0.844" /><testcase classname="tests.test_iteration7_changes.TestDirectFileNotes" name="test_upload_workshop_practice_note_without_module" time="0.831" /><testcase classname="tests.test_iteration7_changes.TestBookUpload" name="test_add_book_link_with_subject_prefix" time="0.141" /><testcase classname="tests.test_iteration7_changes.TestTutorialOrdering" name="test_tutorial_created_at_ascending" time="4.561" /></testsuite></testsuites>