<?xml version="1.0" encoding="utf-8"?><testsuites name="pytest tests"><testsuite name="pytest" errors="0" failures="0" skipped="0" tests="10" time="2.418" timestamp="2026-07-06T11:13:16.723377+00:00" hostname="agent-env-52138386-81da-4c6f-8422-7ea2c9a9b9cb"><testcase classname="tests.test_trending_and_assets.TestTrendingAnalytics" name="test_trending_endpoint_shape" time="0.142" /><testcase classname="tests.test_trending_and_assets.TestRegression" name="test_stats_still_works" time="0.189" /><testcase classname="tests.test_trending_and_assets.TestTrendingAnalytics" name="test_trending_sorted_desc_by_score" time="0.046" /><testcase classname="tests.test_trending_and_assets.TestTrendingAnalytics" name="test_trending_limit_param" time="0.097" /><testcase classname="tests.test_trending_and_assets.TestRegression" name="test_subjects_still_returns_20" time="0.052" /><testcase classname="tests.test_trending_and_assets.TestRegression" name="test_root_endpoint" time="0.090" /><testcase classname="tests.test_trending_and_assets.TestAssetsFromOrigin" name="test_logo_asset_returns_200" time="0.059" /><testcase classname="tests.test_trending_and_assets.TestViewDownloadTracking" name="test_view_increments_or_returns_bytes" time="1.290" /><testcase classname="tests.test_trending_and_assets.TestAssetsFromOrigin" name="test_developer_photo_asset_returns_200" time="0.101" /><testcase classname="tests.test_trending_and_assets.TestViewDownloadTracking" name="test_download_returns_bytes" time="0.302" /></testsuite></testsuites>